#
# A fatal error has been detected by the Java Runtime Environment:
#
#  Internal Error (javaCalls.cpp:51), pid=12512, tid=0x00000000000037fc
#  guarantee(thread->is_Java_thread()) failed: crucial check - the VM thread cannot and must not escape to Java code
#
# JRE version: Java(TM) SE Runtime Environment (8.0_201-b09) (build 1.8.0_201-b09)
# Java VM: Java HotSpot(TM) 64-Bit Server VM (25.201-b09 mixed mode windows-amd64 compressed oops)
# Failed to write core dump. Minidumps are not enabled by default on client versions of Windows
#
# If you would like to submit a bug report, please visit:
#   http://bugreport.java.com/bugreport/crash.jsp
#

---------------  T H R E A D  ---------------

Current thread (0x00000000151f7800):  VMThread [stack: 0x0000000016290000,0x0000000016390000] [id=14332]

Stack: [0x0000000016290000,0x0000000016390000]
[error occurred during error reporting (printing stack bounds), id 0xc0000005]

Native frames: (J=compiled Java code, j=interpreted, Vv=VM code, C=native code)

VM_Operation (0x0000000016ccf730): GetOrSetLocal, mode: safepoint, requested by thread 0x0000000015238000


---------------  P R O C E S S  ---------------

Java Threads: ( => current thread )
  0x00000000187fd000 JavaThread "Okio Watchdog" daemon [_thread_blocked, id=14156, stack(0x0000000019aa0000,0x0000000019ba0000)]
  0x0000000017c7b000 JavaThread "Exec Stream Pumper" daemon [_thread_in_native, id=14284, stack(0x00000000185d0000,0x00000000186d0000)]
  0x00000000179f3000 JavaThread "Exec Stream Pumper" daemon [_thread_in_native, id=14276, stack(0x00000000184d0000,0x00000000185d0000)]
  0x0000000017b7a000 JavaThread "Exec Default Executor" daemon [_thread_in_native, id=3340, stack(0x00000000181d0000,0x00000000182d0000)]
  0x0000000017215800 JavaThread "Service Thread" daemon [_thread_blocked, id=2460, stack(0x00000000175d0000,0x00000000176d0000)]
  0x0000000015259800 JavaThread "C1 CompilerThread2" daemon [_thread_blocked, id=12540, stack(0x00000000170d0000,0x00000000171d0000)]
  0x0000000015258000 JavaThread "C2 CompilerThread1" daemon [_thread_blocked, id=12792, stack(0x0000000016fd0000,0x00000000170d0000)]
  0x0000000015256800 JavaThread "C2 CompilerThread0" daemon [_thread_blocked, id=14012, stack(0x0000000016ed0000,0x0000000016fd0000)]
  0x0000000015249800 JavaThread "JDWP Command Reader" daemon [_thread_in_native, id=4732, stack(0x0000000016dd0000,0x0000000016ed0000)]
  0x0000000015248800 JavaThread "JDWP Event Helper Thread" daemon [_thread_blocked, id=3280, stack(0x0000000016cd0000,0x0000000016dd0000)]
  0x0000000015238000 JavaThread "JDWP Transport Listener: dt_socket" daemon [_thread_blocked, id=7288, stack(0x0000000016bd0000,0x0000000016cd0000)]
  0x000000001522a800 JavaThread "Attach Listener" daemon [_thread_blocked, id=6432, stack(0x0000000016790000,0x0000000016890000)]
  0x0000000015236800 JavaThread "Signal Dispatcher" daemon [_thread_blocked, id=4080, stack(0x0000000016690000,0x0000000016790000)]
  0x000000001521a800 JavaThread "Finalizer" daemon [_thread_blocked, id=12428, stack(0x0000000016490000,0x0000000016590000)]
  0x0000000002c81000 JavaThread "Reference Handler" daemon [_thread_blocked, id=11584, stack(0x0000000016390000,0x0000000016490000)]
  0x0000000002b8e800 JavaThread "main" [_thread_blocked, id=10396, stack(0x00000000029c0000,0x0000000002ac0000)]

Other Threads:
=>0x00000000151f7800 VMThread [stack: 0x0000000016290000,0x0000000016390000] [id=14332]
  0x000000001721c000 WatcherThread [stack: 0x00000000176d0000,0x00000000177d0000] [id=912]

VM state:at safepoint (normal execution)

VM Mutex/Monitor currently owned by a thread:  ([mutex/lock_event])
[0x0000000002b8d560] Threads_lock - owner thread: 0x00000000151f7800

heap address: 0x00000000c2000000, size: 992 MB, Compressed Oops mode: 32-bit
Narrow klass base: 0x0000000000000000, Narrow klass shift: 3
Compressed class space size: 1073741824 Address: 0x0000000100000000

Heap:
 PSYoungGen      total 18432K, used 5867K [0x00000000eb580000, 0x00000000eca00000, 0x0000000100000000)
  eden space 15872K, 21% used [0x00000000eb580000,0x00000000eb8c2e88,0x00000000ec500000)
  from space 2560K, 98% used [0x00000000ec780000,0x00000000ec9f8030,0x00000000eca00000)
  to   space 2560K, 0% used [0x00000000ec500000,0x00000000ec500000,0x00000000ec780000)
 ParOldGen       total 42496K, used 3932K [0x00000000c2000000, 0x00000000c4980000, 0x00000000eb580000)
  object space 42496K, 9% used [0x00000000c2000000,0x00000000c23d71d8,0x00000000c4980000)
 Metaspace       used 13458K, capacity 14176K, committed 14464K, reserved 1062912K
  class space    used 1692K, capacity 1880K, committed 1920K, reserved 1048576K

Card table byte_map: [0x0000000012050000,0x0000000012250000] byte_map_base: 0x0000000011a40000

Marking Bits: (ParMarkBitMap*) 0x0000000069234ce0
 Begin Bits: [0x00000000127a0000, 0x0000000013720000)
 End Bits:   [0x0000000013720000, 0x00000000146a0000)

Polling page: 0x0000000000d30000

CodeCache: size=245760Kb used=4750Kb max_used=4759Kb free=241009Kb
 bounds [0x0000000002c90000, 0x0000000003140000, 0x0000000011c90000]
 total_blobs=1700 nmethods=1319 adapters=302
 compilation: enabled

Compilation events (10 events):
Event: 5.147 Thread 0x0000000015259800 nmethod 1316 0x0000000003133510 code [0x0000000003133680, 0x0000000003133890]
Event: 5.147 Thread 0x0000000015259800 1312       1       java.util.AbstractMap$SimpleImmutableEntry::getValue (5 bytes)
Event: 5.148 Thread 0x0000000015259800 nmethod 1312 0x0000000003133990 code [0x0000000003133ae0, 0x0000000003133bf0]
Event: 5.150 Thread 0x0000000015258000 nmethod 1315 0x0000000003136cd0 code [0x0000000003136e20, 0x0000000003137278]
Event: 6.310 Thread 0x0000000015259800 1317       3       com.google.common.base.CharMatcher$And::matches (28 bytes)
Event: 6.310 Thread 0x0000000015259800 nmethod 1317 0x0000000003136690 code [0x0000000003136820, 0x0000000003136bb8]
Event: 6.310 Thread 0x0000000015259800 1318       3       com.google.common.base.CharMatcher$Negated::matches (17 bytes)
Event: 6.310 Thread 0x0000000015259800 nmethod 1318 0x00000000031361d0 code [0x0000000003136340, 0x00000000031365c8]
Event: 6.311 Thread 0x0000000015259800 1319       3       java.util.stream.AbstractPipeline::isParallel (8 bytes)
Event: 6.311 Thread 0x0000000015259800 nmethod 1319 0x0000000003135e50 code [0x0000000003135fa0, 0x0000000003136110]

GC Heap History (4 events):
Event: 1.129 GC heap before
{Heap before GC invocations=1 (full 0):
 PSYoungGen      total 18432K, used 15872K [0x00000000eb580000, 0x00000000eca00000, 0x0000000100000000)
  eden space 15872K, 100% used [0x00000000eb580000,0x00000000ec500000,0x00000000ec500000)
  from space 2560K, 0% used [0x00000000ec780000,0x00000000ec780000,0x00000000eca00000)
  to   space 2560K, 0% used [0x00000000ec500000,0x00000000ec500000,0x00000000ec780000)
 ParOldGen       total 42496K, used 0K [0x00000000c2000000, 0x00000000c4980000, 0x00000000eb580000)
  object space 42496K, 0% used [0x00000000c2000000,0x00000000c2000000,0x00000000c4980000)
 Metaspace       used 8806K, capacity 9090K, committed 9344K, reserved 1056768K
  class space    used 1029K, capacity 1127K, committed 1152K, reserved 1048576K
Event: 1.134 GC heap after
Heap after GC invocations=1 (full 0):
 PSYoungGen      total 18432K, used 2544K [0x00000000eb580000, 0x00000000eca00000, 0x0000000100000000)
  eden space 15872K, 0% used [0x00000000eb580000,0x00000000eb580000,0x00000000ec500000)
  from space 2560K, 99% used [0x00000000ec500000,0x00000000ec77c010,0x00000000ec780000)
  to   space 2560K, 0% used [0x00000000ec780000,0x00000000ec780000,0x00000000eca00000)
 ParOldGen       total 42496K, used 1234K [0x00000000c2000000, 0x00000000c4980000, 0x00000000eb580000)
  object space 42496K, 2% used [0x00000000c2000000,0x00000000c2134830,0x00000000c4980000)
 Metaspace       used 8806K, capacity 9090K, committed 9344K, reserved 1056768K
  class space    used 1029K, capacity 1127K, committed 1152K, reserved 1048576K
}
Event: 2.222 GC heap before
{Heap before GC invocations=2 (full 0):
 PSYoungGen      total 18432K, used 18416K [0x00000000eb580000, 0x00000000eca00000, 0x0000000100000000)
  eden space 15872K, 100% used [0x00000000eb580000,0x00000000ec500000,0x00000000ec500000)
  from space 2560K, 99% used [0x00000000ec500000,0x00000000ec77c010,0x00000000ec780000)
  to   space 2560K, 0% used [0x00000000ec780000,0x00000000ec780000,0x00000000eca00000)
 ParOldGen       total 42496K, used 1234K [0x00000000c2000000, 0x00000000c4980000, 0x00000000eb580000)
  object space 42496K, 2% used [0x00000000c2000000,0x00000000c2134830,0x00000000c4980000)
 Metaspace       used 12673K, capacity 13376K, committed 13568K, reserved 1060864K
  class space    used 1595K, capacity 1770K, committed 1792K, reserved 1048576K
Event: 2.227 GC heap after
Heap after GC invocations=2 (full 0):
 PSYoungGen      total 18432K, used 2528K [0x00000000eb580000, 0x00000000eca00000, 0x0000000100000000)
  eden space 15872K, 0% used [0x00000000eb580000,0x00000000eb580000,0x00000000ec500000)
  from space 2560K, 98% used [0x00000000ec780000,0x00000000ec9f8030,0x00000000eca00000)
  to   space 2560K, 0% used [0x00000000ec500000,0x00000000ec500000,0x00000000ec780000)
 ParOldGen       total 42496K, used 3932K [0x00000000c2000000, 0x00000000c4980000, 0x00000000eb580000)
  object space 42496K, 9% used [0x00000000c2000000,0x00000000c23d71d8,0x00000000c4980000)
 Metaspace       used 12673K, capacity 13376K, committed 13568K, reserved 1060864K
  class space    used 1595K, capacity 1770K, committed 1792K, reserved 1048576K
}

Deoptimization events (10 events):
Event: 1.336 Thread 0x0000000017c6e800 Uncommon trap: reason=unstable_if action=reinterpret pc=0x0000000002ed4da0 method=java.lang.CharacterDataLatin1.digit(II)I @ 82
Event: 1.861 Thread 0x0000000017c6e800 Uncommon trap: reason=unstable_if action=reinterpret pc=0x0000000002ecc3ac method=java.lang.CharacterDataLatin1.digit(II)I @ 82
Event: 2.122 Thread 0x0000000002b8e800 Uncommon trap: reason=class_check action=maybe_recompile pc=0x0000000002fd6a80 method=java.util.regex.Matcher.search(I)Z @ 86
Event: 2.122 Thread 0x0000000002b8e800 Uncommon trap: reason=class_check action=maybe_recompile pc=0x0000000002f7bd14 method=java.util.regex.Pattern$Curly.match(Ljava/util/regex/Matcher;ILjava/lang/CharSequence;)Z @ 19
Event: 2.122 Thread 0x0000000002b8e800 Uncommon trap: reason=class_check action=maybe_recompile pc=0x0000000002fd6a80 method=java.util.regex.Matcher.search(I)Z @ 86
Event: 2.122 Thread 0x0000000002b8e800 Uncommon trap: reason=class_check action=maybe_recompile pc=0x0000000002fd6a80 method=java.util.regex.Matcher.search(I)Z @ 86
Event: 2.123 Thread 0x0000000002b8e800 Uncommon trap: reason=class_check action=maybe_recompile pc=0x0000000002fd6a80 method=java.util.regex.Matcher.search(I)Z @ 86
Event: 2.123 Thread 0x0000000002b8e800 Uncommon trap: reason=class_check action=maybe_recompile pc=0x0000000002f7bd14 method=java.util.regex.Pattern$Curly.match(Ljava/util/regex/Matcher;ILjava/lang/CharSequence;)Z @ 19
Event: 2.133 Thread 0x0000000002b8e800 Uncommon trap: reason=class_check action=maybe_recompile pc=0x0000000002f7bd14 method=java.util.regex.Pattern$Curly.match(Ljava/util/regex/Matcher;ILjava/lang/CharSequence;)Z @ 19
Event: 2.133 Thread 0x0000000002b8e800 Uncommon trap: reason=class_check action=maybe_recompile pc=0x0000000002f7bd14 method=java.util.regex.Pattern$Curly.match(Ljava/util/regex/Matcher;ILjava/lang/CharSequence;)Z @ 19

Classes redefined (3 events):
Event: 368.452 Thread 0x00000000151f7800 redefined class name=Base, count=1
Event: 594.799 Thread 0x00000000151f7800 redefined class name=Base, count=2
Event: 940.275 Thread 0x00000000151f7800 redefined class name=Base, count=3

Internal exceptions (10 events):
Event: 1.992 Thread 0x0000000002b8e800 Exception <a 'java/lang/ArrayIndexOutOfBoundsException': 18> (0x00000000ebc5c750) thrown at [C:\re\workspace\8-2-build-windows-amd64-cygwin\jdk8u201\12322\hotspot\src\share\vm\interpreter\interpreterRuntime.cpp, line 368]
Event: 1.992 Thread 0x0000000002b8e800 Exception <a 'java/lang/ArrayIndexOutOfBoundsException': 110> (0x00000000ebc5dde8) thrown at [C:\re\workspace\8-2-build-windows-amd64-cygwin\jdk8u201\12322\hotspot\src\share\vm\interpreter\interpreterRuntime.cpp, line 368]
Event: 1.993 Thread 0x0000000002b8e800 Exception <a 'java/lang/ArrayIndexOutOfBoundsException'> (0x00000000ebc5f2a8) thrown at [C:\re\workspace\8-2-build-windows-amd64-cygwin\jdk8u201\12322\hotspot\src\share\vm\runtime\sharedRuntime.cpp, line 605]
Event: 1.993 Thread 0x0000000002b8e800 Exception <a 'java/lang/ArrayIndexOutOfBoundsException'> (0x00000000ebc60668) thrown at [C:\re\workspace\8-2-build-windows-amd64-cygwin\jdk8u201\12322\hotspot\src\share\vm\runtime\sharedRuntime.cpp, line 605]
Event: 1.993 Thread 0x0000000002b8e800 Exception <a 'java/lang/ArrayIndexOutOfBoundsException'> (0x00000000ebc618e0) thrown at [C:\re\workspace\8-2-build-windows-amd64-cygwin\jdk8u201\12322\hotspot\src\share\vm\runtime\sharedRuntime.cpp, line 605]
Event: 1.994 Thread 0x0000000002b8e800 Exception <a 'java/lang/ArrayIndexOutOfBoundsException'> (0x00000000ebc66438) thrown at [C:\re\workspace\8-2-build-windows-amd64-cygwin\jdk8u201\12322\hotspot\src\share\vm\runtime\sharedRuntime.cpp, line 605]
Event: 1.994 Thread 0x0000000002b8e800 Exception <a 'java/lang/ArrayIndexOutOfBoundsException'> (0x00000000ebc6a468) thrown at [C:\re\workspace\8-2-build-windows-amd64-cygwin\jdk8u201\12322\hotspot\src\share\vm\runtime\sharedRuntime.cpp, line 605]
Event: 2.047 Thread 0x0000000002b8e800 Exception <a 'java/lang/NoSuchMethodError': java.lang.Object.lambda$chars$0()Ljava/util/Spliterator$OfInt;> (0x00000000ebe36b18) thrown at [C:\re\workspace\8-2-build-windows-amd64-cygwin\jdk8u201\12322\hotspot\src\share\vm\interpreter\linkResolver.cpp, li
Event: 5.101 Thread 0x0000000002b8e800 Exception <a 'java/lang/NoSuchMethodError': java.lang.Object.lambda$getResponseFunction$0(Lorg/openqa/selenium/remote/InitialHandshakeResponse;)Lorg/openqa/selenium/remote/ProtocolHandshake$Result;> (0x00000000eb721860) thrown at [C:\re\workspace\8-2-buil
Event: 5.151 Thread 0x0000000002b8e800 Exception <a 'java/net/SocketTimeoutException': Read timed out> (0x00000000eb836b88) thrown at [C:\re\workspace\8-2-build-windows-amd64-cygwin\jdk8u201\12322\hotspot\src\share\vm\prims\jni.cpp, line 735]

Events (10 events):
Event: 940.292 Executing VM operation: ChangeBreakpoints done
Event: 940.304 Executing VM operation: ChangeBreakpoints
Event: 940.305 Executing VM operation: ChangeBreakpoints done
Event: 940.305 Executing VM operation: ChangeBreakpoints
Event: 940.306 Executing VM operation: ChangeBreakpoints done
Event: 940.478 Executing VM operation: GetOwnedMonitorInfo
Event: 940.478 Executing VM operation: GetOwnedMonitorInfo done
Event: 940.478 Executing VM operation: GetCurrentContendedMonitor
Event: 940.478 Executing VM operation: GetCurrentContendedMonitor done
Event: 1069.296 Executing VM operation: GetOrSetLocal


Dynamic libraries:
0x00007ff66d3d0000 - 0x00007ff66d407000 	C:\Program Files\Java\jre1.8.0_201\bin\javaw.exe
0x00007ffe8ee70000 - 0x00007ffe8f066000 	C:\Windows\SYSTEM32\ntdll.dll
0x00007ffe8d6f0000 - 0x00007ffe8d7ad000 	C:\Windows\System32\KERNEL32.DLL
0x00007ffe8c6e0000 - 0x00007ffe8c9a8000 	C:\Windows\System32\KERNELBASE.dll
0x00007ffe8d430000 - 0x00007ffe8d4da000 	C:\Windows\System32\ADVAPI32.dll
0x00007ffe8d510000 - 0x00007ffe8d5ae000 	C:\Windows\System32\msvcrt.dll
0x00007ffe8dc30000 - 0x00007ffe8dccb000 	C:\Windows\System32\sechost.dll
0x00007ffe8cee0000 - 0x00007ffe8d004000 	C:\Windows\System32\RPCRT4.dll
0x00007ffe8d290000 - 0x00007ffe8d430000 	C:\Windows\System32\USER32.dll
0x00007ffe8ce00000 - 0x00007ffe8ce22000 	C:\Windows\System32\win32u.dll
0x00007ffe8d4e0000 - 0x00007ffe8d50a000 	C:\Windows\System32\GDI32.dll
0x00007ffe8cbf0000 - 0x00007ffe8ccf9000 	C:\Windows\System32\gdi32full.dll
0x00007ffe8c5c0000 - 0x00007ffe8c65d000 	C:\Windows\System32\msvcp_win.dll
0x00007ffe8cd00000 - 0x00007ffe8ce00000 	C:\Windows\System32\ucrtbase.dll
0x00007ffe741c0000 - 0x00007ffe7445b000 	C:\Windows\WinSxS\amd64_microsoft.windows.common-controls_6595b64144ccf1df_6.0.19041.488_none_ca04af081b815d21\COMCTL32.dll
0x00007ffe8d010000 - 0x00007ffe8d040000 	C:\Windows\System32\IMM32.DLL
0x0000000068930000 - 0x0000000068a01000 	C:\Program Files\Java\jre1.8.0_201\bin\msvcr100.dll
0x0000000068a10000 - 0x00000000692b4000 	C:\Program Files\Java\jre1.8.0_201\bin\server\jvm.dll
0x00007ffe8dc20000 - 0x00007ffe8dc28000 	C:\Windows\System32\PSAPI.DLL
0x00007ffe817e0000 - 0x00007ffe81807000 	C:\Windows\SYSTEM32\WINMM.dll
0x00007ffe85910000 - 0x00007ffe8591a000 	C:\Windows\SYSTEM32\VERSION.dll
0x00007ffe7cb20000 - 0x00007ffe7cb29000 	C:\Windows\SYSTEM32\WSOCK32.dll
0x00007ffe8e730000 - 0x00007ffe8e79b000 	C:\Windows\System32\WS2_32.dll
0x00007ffe7c3e0000 - 0x00007ffe7c3ef000 	C:\Program Files\Java\jre1.8.0_201\bin\verify.dll
0x00007ffe6ee30000 - 0x00007ffe6ee59000 	C:\Program Files\Java\jre1.8.0_201\bin\java.dll
0x00007ffe84c20000 - 0x00007ffe84c55000 	C:\Program Files\Java\jre1.8.0_201\bin\jdwp.dll
0x00007ffe88090000 - 0x00007ffe88098000 	C:\Program Files\Java\jre1.8.0_201\bin\npt.dll
0x00007ffe73200000 - 0x00007ffe73216000 	C:\Program Files\Java\jre1.8.0_201\bin\zip.dll
0x00007ffe8de70000 - 0x00007ffe8e5b0000 	C:\Windows\System32\SHELL32.dll
0x00007ffe8a6f0000 - 0x00007ffe8ae84000 	C:\Windows\SYSTEM32\windows.storage.dll
0x00007ffe8ea70000 - 0x00007ffe8edc5000 	C:\Windows\System32\combase.dll
0x00007ffe8bf60000 - 0x00007ffe8bf8c000 	C:\Windows\SYSTEM32\Wldp.dll
0x00007ffe8d5b0000 - 0x00007ffe8d65e000 	C:\Windows\System32\SHCORE.dll
0x00007ffe8edd0000 - 0x00007ffe8ee25000 	C:\Windows\System32\shlwapi.dll
0x00007ffe8c4f0000 - 0x00007ffe8c516000 	C:\Windows\SYSTEM32\profapi.dll
0x00007ffe84ca0000 - 0x00007ffe84ca9000 	C:\Program Files\Java\jre1.8.0_201\bin\dt_socket.dll
0x00007ffe7b060000 - 0x00007ffe7b077000 	C:\Windows\system32\napinsp.dll
0x00007ffe682a0000 - 0x00007ffe682bb000 	C:\Windows\system32\pnrpnsp.dll
0x00007ffe74570000 - 0x00007ffe74585000 	C:\Windows\system32\wshbth.dll
0x00007ffe88120000 - 0x00007ffe8813d000 	C:\Windows\system32\NLAapi.dll
0x00007ffe8b9d0000 - 0x00007ffe8ba0b000 	C:\Windows\SYSTEM32\IPHLPAPI.DLL
0x00007ffe8bce0000 - 0x00007ffe8bd4a000 	C:\Windows\System32\mswsock.dll
0x00007ffe8ba10000 - 0x00007ffe8badb000 	C:\Windows\SYSTEM32\DNSAPI.dll
0x00007ffe8e720000 - 0x00007ffe8e729000 	C:\Windows\System32\NSI.dll
0x00007ffe68280000 - 0x00007ffe68292000 	C:\Windows\System32\winrnr.dll
0x00007ffe83550000 - 0x00007ffe835cf000 	C:\Windows\System32\fwpuclnt.dll
0x00007ffe8ca00000 - 0x00007ffe8ca27000 	C:\Windows\System32\bcrypt.dll
0x00007ffe81460000 - 0x00007ffe8146a000 	C:\Windows\System32\rasadhlp.dll
0x00007ffe72220000 - 0x00007ffe7223a000 	C:\Program Files\Java\jre1.8.0_201\bin\net.dll
0x00007ffe7ec60000 - 0x00007ffe7ee4d000 	C:\Windows\SYSTEM32\urlmon.dll
0x00007ffe7f140000 - 0x00007ffe7f3f0000 	C:\Windows\SYSTEM32\iertutil.dll
0x00007ffe62d90000 - 0x00007ffe62db4000 	C:\Program Files\Java\jre1.8.0_201\bin\sunec.dll
0x00007ffe81480000 - 0x00007ffe8148b000 	C:\Program Files\Java\jre1.8.0_201\bin\sunmscapi.dll
0x00007ffe8ca90000 - 0x00007ffe8cbed000 	C:\Windows\System32\CRYPT32.dll
0x00007ffe86840000 - 0x00007ffe86857000 	C:\Windows\SYSTEM32\dhcpcsvc6.DLL
0x00007ffe86820000 - 0x00007ffe8683d000 	C:\Windows\SYSTEM32\dhcpcsvc.DLL
0x00007ffe71eb0000 - 0x00007ffe71ec1000 	C:\Program Files\Java\jre1.8.0_201\bin\nio.dll
0x00007ffe8bec0000 - 0x00007ffe8bed8000 	C:\Windows\SYSTEM32\CRYPTSP.dll
0x00007ffe8b670000 - 0x00007ffe8b6a4000 	C:\Windows\system32\rsaenh.dll
0x00007ffe8c460000 - 0x00007ffe8c48e000 	C:\Windows\SYSTEM32\USERENV.dll
0x00007ffe8c660000 - 0x00007ffe8c6df000 	C:\Windows\System32\bcryptprimitives.dll
0x00007ffe8beb0000 - 0x00007ffe8bebc000 	C:\Windows\SYSTEM32\CRYPTBASE.dll

VM Arguments:
jvm_args: -agentlib:jdwp=transport=dt_socket,suspend=y,address=localhost:63723 -Dfile.encoding=Cp1252 
java_command: Base
java_class_path (initial): C:\Users\pc\eclipse-workspace\Introduction\bin;E:\eclipse-java-neon-3-win32-x86_64\eclipse\plugins\org.testng.eclipse_6.11.0.201703011520\lib\testng.jar;E:\eclipse-java-neon-3-win32-x86_64\eclipse\plugins\org.testng.eclipse_6.11.0.201703011520\lib\jcommander.jar;E:\eclipse-java-neon-3-win32-x86_64\eclipse\plugins\org.testng.eclipse_6.11.0.201703011520\lib\bsh-2.0b4.jar;E:\eclipse-java-neon-3-win32-x86_64\eclipse\plugins\org.testng.eclipse_6.11.0.201703011520\lib\snakeyaml.jar;E:\selenium-java-3.141.59\libs\byte-buddy-1.8.15.jar;E:\selenium-java-3.141.59\libs\commons-exec-1.3.jar;E:\selenium-java-3.141.59\libs\guava-25.0-jre.jar;E:\selenium-java-3.141.59\libs\okhttp-3.11.0.jar;E:\selenium-java-3.141.59\libs\okio-1.14.0.jar;E:\selenium-java-3.141.59\client-combined-3.141.59.jar;E:\selenium-java-3.141.59\client-combined-3.141.59-sources.jar;E:\testng-6.7.jar;E:\selenium-server-standalone-3.141.59.jar
Launcher Type: SUN_STANDARD

Environment Variables:
PATH=C:/Program Files/Java/jre1.8.0_201/bin/server;C:/Program Files/Java/jre1.8.0_201/bin;C:/Program Files/Java/jre1.8.0_201/lib/amd64;C:\Program Files (x86)\Common Files\Oracle\Java\javapath;C:\Windows\system32;C:\Windows;C:\Windows\System32\Wbem;C:\Windows\System32\WindowsPowerShell\v1.0\;C:\Windows\System32\OpenSSH\;C:\Users\pc\AppData\Local\Microsoft\WindowsApps;;E:\eclipse-java-neon-3-win32-x86_64\eclipse;
USERNAME=pc
OS=Windows_NT
PROCESSOR_IDENTIFIER=Intel64 Family 6 Model 60 Stepping 3, GenuineIntel



---------------  S Y S T E M  ---------------

OS: Windows 10.0 , 64 bit Build 19041 (10.0.19041.546)

CPU:total 4 (initial active 4) (2 cores per cpu, 2 threads per core) family 6 model 60 stepping 3, cmov, cx8, fxsr, mmx, sse, sse2, sse3, ssse3, sse4.1, sse4.2, popcnt, avx, avx2, aes, clmul, erms, lzcnt, ht, tsc, tscinvbit, bmi1, bmi2

Memory: 4k page, physical 4062248k(861892k free), swap 8196480k(1487764k free)

vm_info: Java HotSpot(TM) 64-Bit Server VM (25.201-b09) for windows-amd64 JRE (1.8.0_201-b09), built on Dec 15 2018 18:36:39 by "java_re" with MS VC++ 10.0 (VS2010)

time: Mon Nov 23 16:36:49 2020
timezone: India Standard Time
elapsed time: 1069 seconds (0d 0h 17m 49s)

